<?xml version="1.0" encoding="UTF-8"?>
<!-- Generated by org.testng.reporters.JUnitReportReporter -->
<testsuite hostname="DESKTOP-63HK69L" failures="0" tests="3" name="com.example.runner.CucumberRunnerTests" time="4.568" errors="0" timestamp="2025-09-02T22:10:06 IST" skipped="0">
  <testcase classname="com.example.runner.CucumberRunnerTests" name="runScenario" time="0.433"/>
  <testcase classname="com.example.runner.CucumberRunnerTests" name="runScenario" time="0.498"/>
  <testcase classname="com.example.runner.CucumberRunnerTests" name="runScenario" time="3.637"/>
</testsuite> <!-- com.example.runner.CucumberRunnerTests -->
