<?xml version="1.0" encoding="UTF-8"?>
<!-- Generated by org.testng.reporters.JUnitReportReporter -->
<testsuite hostname="DESKTOP-63HK69L" failures="0" tests="11" name="com.example.runner.CucumberRunnerTests" time="10.034" errors="0" timestamp="2025-09-03T10:13:59 IST" skipped="0">
  <testcase classname="com.example.runner.CucumberRunnerTests" name="runScenario" time="4.430"/>
  <testcase classname="com.example.runner.CucumberRunnerTests" name="runScenario" time="0.625"/>
  <testcase classname="com.example.runner.CucumberRunnerTests" name="runScenario" time="0.737"/>
  <testcase classname="com.example.runner.CucumberRunnerTests" name="runScenario" time="0.557"/>
  <testcase classname="com.example.runner.CucumberRunnerTests" name="runScenario" time="0.536"/>
  <testcase classname="com.example.runner.CucumberRunnerTests" name="runScenario" time="0.549"/>
  <testcase classname="com.example.runner.CucumberRunnerTests" name="runScenario" time="0.473"/>
  <testcase classname="com.example.runner.CucumberRunnerTests" name="runScenario" time="0.396"/>
  <testcase classname="com.example.runner.CucumberRunnerTests" name="runScenario" time="0.411"/>
  <testcase classname="com.example.runner.CucumberRunnerTests" name="runScenario" time="0.296"/>
  <testcase classname="com.example.runner.CucumberRunnerTests" name="runScenario" time="1.024"/>
</testsuite> <!-- com.example.runner.CucumberRunnerTests -->
