<?xml version="1.0" encoding="UTF-8"?>
<!-- Generated by org.testng.reporters.JUnitReportReporter -->
<testsuite hostname="DESKTOP-63HK69L" failures="0" tests="17" name="com.example.runner.CucumberRunnerTests" time="13.364" errors="0" timestamp="2025-09-03T11:38:39 IST" skipped="0">
  <testcase classname="com.example.runner.CucumberRunnerTests" name="runScenario" time="0.467"/>
  <testcase classname="com.example.runner.CucumberRunnerTests" name="runScenario" time="0.488"/>
  <testcase classname="com.example.runner.CucumberRunnerTests" name="runScenario" time="3.863"/>
  <testcase classname="com.example.runner.CucumberRunnerTests" name="runScenario" time="1.084"/>
  <testcase classname="com.example.runner.CucumberRunnerTests" name="runScenario" time="0.391"/>
  <testcase classname="com.example.runner.CucumberRunnerTests" name="runScenario" time="0.354"/>
  <testcase classname="com.example.runner.CucumberRunnerTests" name="runScenario" time="0.698"/>
  <testcase classname="com.example.runner.CucumberRunnerTests" name="runScenario" time="0.668"/>
  <testcase classname="com.example.runner.CucumberRunnerTests" name="runScenario" time="0.703"/>
  <testcase classname="com.example.runner.CucumberRunnerTests" name="runScenario" time="0.475"/>
  <testcase classname="com.example.runner.CucumberRunnerTests" name="runScenario" time="0.517"/>
  <testcase classname="com.example.runner.CucumberRunnerTests" name="runScenario" time="0.953"/>
  <testcase classname="com.example.runner.CucumberRunnerTests" name="runScenario" time="0.482"/>
  <testcase classname="com.example.runner.CucumberRunnerTests" name="runScenario" time="0.347"/>
  <testcase classname="com.example.runner.CucumberRunnerTests" name="runScenario" time="0.643"/>
  <testcase classname="com.example.runner.CucumberRunnerTests" name="runScenario" time="0.707"/>
  <testcase classname="com.example.runner.CucumberRunnerTests" name="runScenario" time="0.524"/>
</testsuite> <!-- com.example.runner.CucumberRunnerTests -->
