<?xml version="1.0" encoding="UTF-8"?>
<!-- Generated by org.testng.reporters.JUnitReportReporter -->
<testsuite hostname="DESKTOP-63HK69L" failures="0" tests="13" name="com.example.runner.CucumberRunnerTests" time="13.939" errors="0" timestamp="2025-09-03T10:26:43 IST" skipped="0">
  <testcase classname="com.example.runner.CucumberRunnerTests" name="runScenario" time="0.651"/>
  <testcase classname="com.example.runner.CucumberRunnerTests" name="runScenario" time="3.574"/>
  <testcase classname="com.example.runner.CucumberRunnerTests" name="runScenario" time="0.382"/>
  <testcase classname="com.example.runner.CucumberRunnerTests" name="runScenario" time="0.947"/>
  <testcase classname="com.example.runner.CucumberRunnerTests" name="runScenario" time="4.069"/>
  <testcase classname="com.example.runner.CucumberRunnerTests" name="runScenario" time="0.412"/>
  <testcase classname="com.example.runner.CucumberRunnerTests" name="runScenario" time="0.408"/>
  <testcase classname="com.example.runner.CucumberRunnerTests" name="runScenario" time="0.547"/>
  <testcase classname="com.example.runner.CucumberRunnerTests" name="runScenario" time="0.539"/>
  <testcase classname="com.example.runner.CucumberRunnerTests" name="runScenario" time="0.662"/>
  <testcase classname="com.example.runner.CucumberRunnerTests" name="runScenario" time="0.437"/>
  <testcase classname="com.example.runner.CucumberRunnerTests" name="runScenario" time="0.461"/>
  <testcase classname="com.example.runner.CucumberRunnerTests" name="runScenario" time="0.850"/>
</testsuite> <!-- com.example.runner.CucumberRunnerTests -->
