<?xml version="1.0" encoding="UTF-8"?>
<!-- Generated by org.testng.reporters.JUnitReportReporter -->
<testsuite hostname="DESKTOP-63HK69L" failures="0" tests="7" name="com.example.runner.CucumberRunnerTests" time="8.190" errors="0" timestamp="2025-09-03T09:47:10 IST" skipped="0">
  <testcase classname="com.example.runner.CucumberRunnerTests" name="runScenario" time="0.847"/>
  <testcase classname="com.example.runner.CucumberRunnerTests" name="runScenario" time="0.337"/>
  <testcase classname="com.example.runner.CucumberRunnerTests" name="runScenario" time="3.854"/>
  <testcase classname="com.example.runner.CucumberRunnerTests" name="runScenario" time="0.466"/>
  <testcase classname="com.example.runner.CucumberRunnerTests" name="runScenario" time="1.794"/>
  <testcase classname="com.example.runner.CucumberRunnerTests" name="runScenario" time="0.381"/>
  <testcase classname="com.example.runner.CucumberRunnerTests" name="runScenario" time="0.511"/>
</testsuite> <!-- com.example.runner.CucumberRunnerTests -->
